0 info it worked if it ends with ok
1 verbose cli [ '/opt/node-v0.10.0/bin/node',
1 verbose cli   '/opt/node/bin/npm',
1 verbose cli   'info',
1 verbose cli   'graphene' ]
2 info using npm@1.2.14
3 info using node@v0.10.0
4 verbose url raw graphene
5 verbose url resolving [ 'https://registry.npmjs.org/', './graphene' ]
6 verbose url resolved https://registry.npmjs.org/graphene
7 info trying registry request attempt 1 at 16:40:07
8 http GET https://registry.npmjs.org/graphene
9 http 404 https://registry.npmjs.org/graphene
10 silly registry.get cb [ 404,
10 silly registry.get   { server: 'CouchDB/1.3.0 (Erlang OTP/R15B03)',
10 silly registry.get     date: 'Tue, 23 Apr 2013 23:40:09 GMT',
10 silly registry.get     'content-type': 'application/json',
10 silly registry.get     'content-length': '52',
10 silly registry.get     'cache-control': 'must-revalidate' } ]
11 error 404 'graphene' is not in the npm registry.
11 error 404 You should bug the author to publish it
11 error 404
11 error 404 Note that you can also install from a
11 error 404 tarball, folder, or http url, or git url.
12 error System Darwin 12.3.0
13 error command "/opt/node-v0.10.0/bin/node" "/opt/node/bin/npm" "info" "graphene"
14 error cwd /opt.old/www/rpi-ferment-frontend/src
15 error node -v v0.10.0
16 error npm -v 1.2.14
17 error code E404
18 verbose exit [ 1, true ]
